2025-05-03 15:21:58,347 - INFO - ClassificationModel initialized with X shape: (998, 20)
2025-05-03 15:21:58,348 - INFO - Starting data preprocessing
2025-05-03 15:21:58,389 - INFO - PCA data preparation completed with 3 components
2025-05-03 15:21:58,403 - INFO - Data preprocessing completed. Training set shape: (698, 20)
2025-05-03 15:21:58,407 - INFO - Evaluating LDA
2025-05-03 15:21:58,411 - INFO - LDA evaluation completed. Accuracy: 0.683
2025-05-03 15:21:58,428 - INFO - Evaluating QDA
2025-05-03 15:21:58,439 - INFO - QDA evaluation completed. Accuracy: 0.870
2025-05-03 15:21:58,442 - INFO - Evaluating Naive Bayes
2025-05-03 15:21:58,449 - INFO - Naive Bayes evaluation completed. Accuracy: 0.757
2025-05-03 15:21:58,918 - INFO - Best KNN neighbors: 8
2025-05-03 15:21:58,920 - INFO - Evaluating KNN
2025-05-03 15:21:58,926 - INFO - KNN evaluation completed. Accuracy: 0.917
2025-05-03 15:21:59,158 - INFO - Best PCA KNN neighbors: 7
2025-05-03 15:21:59,159 - INFO - Evaluating PCA KNN
2025-05-03 15:21:59,167 - INFO - PCA KNN evaluation completed. Accuracy: 0.717
2025-05-03 15:21:59,283 - INFO - Evaluating Logistic Regression
2025-05-03 15:21:59,292 - INFO - Logistic Regression evaluation completed. Accuracy: 0.693
2025-05-03 15:21:59,735 - INFO - Evaluating Neural Network
2025-05-03 15:21:59,739 - INFO - Neural Network evaluation completed. Accuracy: 0.860
2025-05-03 15:21:59,739 - INFO - All models trained successfully
2025-05-03 15:22:00,928 - INFO - Predicting on new data with shape: (2, 20)
2025-05-03 15:22:00,947 - INFO - Predictions generated for 2 samples
2025-05-03 15:42:00,671 - INFO - ClassificationModel initialized with X shape: (998, 20)
2025-05-03 15:42:00,673 - INFO - Starting data preprocessing
2025-05-03 15:42:00,719 - INFO - PCA data preparation completed with 3 components
2025-05-03 15:42:00,728 - INFO - Data preprocessing completed. Training set shape: (698, 20)
2025-05-03 15:42:00,739 - INFO - Evaluating LDA
2025-05-03 15:42:00,746 - INFO - LDA evaluation completed. Accuracy: 0.683
2025-05-03 15:42:00,752 - INFO - Evaluating QDA
2025-05-03 15:42:00,761 - INFO - QDA evaluation completed. Accuracy: 0.827
2025-05-03 15:42:00,764 - INFO - Evaluating Naive Bayes
2025-05-03 15:42:00,774 - INFO - Naive Bayes evaluation completed. Accuracy: 0.757
2025-05-03 15:42:01,252 - INFO - Best KNN neighbors: 8
2025-05-03 15:42:01,253 - INFO - Evaluating KNN
2025-05-03 15:42:01,261 - INFO - KNN evaluation completed. Accuracy: 0.917
2025-05-03 15:42:01,515 - INFO - Best PCA KNN neighbors: 7
2025-05-03 15:42:01,516 - INFO - Evaluating PCA KNN
2025-05-03 15:42:01,524 - INFO - PCA KNN evaluation completed. Accuracy: 0.717
2025-05-03 15:42:01,646 - INFO - Evaluating Logistic Regression
2025-05-03 15:42:01,655 - INFO - Logistic Regression evaluation completed. Accuracy: 0.693
2025-05-03 15:42:02,198 - INFO - Evaluating Neural Network
2025-05-03 15:42:02,201 - INFO - Neural Network evaluation completed. Accuracy: 0.867
2025-05-03 15:42:02,201 - INFO - All models trained successfully
2025-05-03 15:42:02,208 - INFO - Predicting on new data with shape: (2, 20)
2025-05-03 15:42:02,226 - INFO - Predictions generated for 2 samples
2025-05-03 15:43:17,395 - INFO - ClassificationModel initialized with X shape: (553, 43)
2025-05-03 15:43:22,864 - INFO - Starting data preprocessing
2025-05-03 15:43:22,970 - INFO - PCA data preparation completed with 3 components
2025-05-03 15:43:22,985 - INFO - Data preprocessing completed. Training set shape: (387, 43)
2025-05-03 15:43:23,045 - INFO - Evaluating LDA
2025-05-03 15:43:23,057 - INFO - LDA evaluation completed. Accuracy: 0.560
2025-05-03 15:43:23,089 - INFO - Evaluating QDA
2025-05-03 15:43:23,113 - INFO - QDA evaluation completed. Accuracy: 0.651
2025-05-03 15:43:23,117 - INFO - Evaluating Naive Bayes
2025-05-03 15:43:23,121 - INFO - Naive Bayes evaluation completed. Accuracy: 0.584
2025-05-03 15:43:23,625 - INFO - Best KNN neighbors: 3
2025-05-03 15:43:23,626 - INFO - Evaluating KNN
2025-05-03 15:43:23,637 - INFO - KNN evaluation completed. Accuracy: 0.536
2025-05-03 15:43:23,858 - INFO - Best PCA KNN neighbors: 9
2025-05-03 15:43:23,859 - INFO - Evaluating PCA KNN
2025-05-03 15:43:23,867 - INFO - PCA KNN evaluation completed. Accuracy: 0.512
2025-05-03 15:43:24,606 - INFO - Evaluating Logistic Regression
2025-05-03 15:43:24,622 - INFO - Logistic Regression evaluation completed. Accuracy: 0.560
2025-05-03 15:43:25,450 - INFO - Evaluating Neural Network
2025-05-03 15:43:25,453 - INFO - Neural Network evaluation completed. Accuracy: 0.458
2025-05-03 15:43:25,454 - INFO - All models trained successfully
2025-05-03 15:43:30,211 - INFO - Predicting on new data with shape: (43,)
2025-05-03 15:43:30,212 - ERROR - Error predicting on new data: tuple index out of range
2025-05-03 15:43:36,835 - INFO - Predicting on new data with shape: (43,)
2025-05-03 15:43:36,837 - ERROR - Error predicting on new data: tuple index out of range
2025-05-03 15:44:57,023 - INFO - Predicting on new data with shape: (43,)
2025-05-03 15:44:57,025 - ERROR - Error predicting on new data: tuple index out of range
2025-05-03 15:45:01,941 - INFO - Predicting on new data with shape: (43,)
2025-05-03 15:45:01,942 - ERROR - Error predicting on new data: tuple index out of range
2025-05-03 15:45:03,995 - INFO - Predicting on new data with shape: (43,)
2025-05-03 15:45:03,998 - ERROR - Error predicting on new data: tuple index out of range
2025-05-03 15:46:15,803 - INFO - ClassificationModel initialized with X shape: (553, 43)
2025-05-03 15:46:16,418 - INFO - Starting data preprocessing
2025-05-03 15:46:16,517 - INFO - PCA data preparation completed with 3 components
2025-05-03 15:46:16,524 - INFO - Data preprocessing completed. Training set shape: (387, 43)
2025-05-03 15:46:16,547 - INFO - Evaluating LDA
2025-05-03 15:46:16,553 - INFO - LDA evaluation completed. Accuracy: 0.560
2025-05-03 15:46:16,584 - INFO - Evaluating QDA
2025-05-03 15:46:16,588 - INFO - QDA evaluation completed. Accuracy: 0.651
2025-05-03 15:46:16,593 - INFO - Evaluating Naive Bayes
2025-05-03 15:46:16,599 - INFO - Naive Bayes evaluation completed. Accuracy: 0.584
2025-05-03 15:46:17,038 - INFO - Best KNN neighbors: 3
2025-05-03 15:46:17,040 - INFO - Evaluating KNN
2025-05-03 15:46:17,049 - INFO - KNN evaluation completed. Accuracy: 0.536
2025-05-03 15:46:17,250 - INFO - Best PCA KNN neighbors: 9
2025-05-03 15:46:17,251 - INFO - Evaluating PCA KNN
2025-05-03 15:46:17,259 - INFO - PCA KNN evaluation completed. Accuracy: 0.512
2025-05-03 15:46:17,943 - INFO - Evaluating Logistic Regression
2025-05-03 15:46:17,953 - INFO - Logistic Regression evaluation completed. Accuracy: 0.560
2025-05-03 15:46:18,863 - INFO - Evaluating Neural Network
2025-05-03 15:46:18,867 - INFO - Neural Network evaluation completed. Accuracy: 0.506
2025-05-03 15:46:18,868 - INFO - All models trained successfully
2025-05-03 15:46:22,187 - INFO - Predicting on new data with shape: (1, 43)
2025-05-03 15:46:22,207 - INFO - Predictions generated for 1 samples
